[  0%] Built target actionlib_generate_messages_nodejs
[  0%] Built target visualization_msgs_generate_messages_py
[  0%] Built target actionlib_msgs_generate_messages_cpp
[  0%] Built target std_msgs_generate_messages_cpp
[  0%] Built target roscpp_generate_messages_lisp
[  0%] Built target rosgraph_msgs_generate_messages_nodejs
[  0%] Built target geometry_msgs_generate_messages_eus
[  0%] Built target visualization_msgs_generate_messages_nodejs
[  0%] Built target std_msgs_generate_messages_py
[  0%] Built target tf2_msgs_generate_messages_cpp
[  0%] Built target std_msgs_generate_messages_lisp
[  0%] Built target std_msgs_generate_messages_nodejs
[  0%] Built target actionlib_generate_messages_cpp
[  0%] Built target actionlib_generate_messages_lisp
[  0%] Built target actionlib_msgs_generate_messages_eus
[  0%] Built target actionlib_msgs_generate_messages_py
[  0%] Built target tf_generate_messages_eus
[  0%] Built target rosgraph_msgs_generate_messages_py
[  0%] Built target rosgraph_msgs_generate_messages_lisp
[  0%] Built target roscpp_generate_messages_cpp
[  0%] Built target tf_generate_messages_py
[  0%] Built target roscpp_generate_messages_eus
[  0%] Built target roscpp_generate_messages_nodejs
[  0%] Built target roscpp_generate_messages_py
[  0%] Built target actionlib_generate_messages_eus
[  0%] Built target std_msgs_generate_messages_eus
[  0%] Built target rosgraph_msgs_generate_messages_cpp
[  0%] Built target actionlib_msgs_generate_messages_lisp
[  0%] Built target tf2_msgs_generate_messages_py
[  8%] Built target rosgraph_msgs_generate_messages_eus
[ 16%] Built target humanoid_controllers
[ 16%] Built target geometry_msgs_generate_messages_cpp
[ 16%] Built target actionlib_msgs_generate_messages_nodejs
[ 16%] Built target geometry_msgs_generate_messages_lisp
[ 16%] Built target visualization_msgs_generate_messages_lisp
[ 16%] Built target tf_generate_messages_cpp
[ 16%] Built target visualization_msgs_generate_messages_eus
[ 16%] Built target geometry_msgs_generate_messages_py
[ 16%] Built target geometry_msgs_generate_messages_nodejs
[ 16%] Built target tf2_msgs_generate_messages_lisp
[ 16%] Built target sensor_msgs_generate_messages_py
[ 16%] Built target tf_generate_messages_nodejs
[ 16%] Built target ocs2_msgs_generate_messages_py
[ 16%] Built target tf2_msgs_generate_messages_eus
[ 16%] Built target tf2_msgs_generate_messages_nodejs
[ 16%] Built target tf_generate_messages_lisp
[ 16%] Built target sensor_msgs_generate_messages_cpp
[ 16%] Built target sensor_msgs_generate_messages_lisp
[ 16%] Built target visualization_msgs_generate_messages_cpp
[ 16%] Built target sensor_msgs_generate_messages_nodejs
[ 16%] Built target sensor_msgs_generate_messages_eus
[ 16%] Built target ocs2_msgs_generate_messages_lisp
[ 16%] Built target actionlib_generate_messages_py
[ 16%] Built target ocs2_msgs_generate_messages_cpp
[ 16%] Built target ocs2_msgs_generate_messages_eus
[ 16%] Built target ocs2_msgs_generate_messages_nodejs
[35m[1mScanning dependencies of target humanoid_controller_node[0m
[ 25%] [32mBuilding CXX object CMakeFiles/humanoid_controller_node.dir/src/humanoidTeleop.cpp.o[0m
[ 41%] Built target joy_controller_node
[ 75%] Built target cheat_controller_node
[ 75%] Built target normal_controller_node
[ 91%] Built target humanoid_target_trajectories_publisher
[01m[K/home/robinbrown/test_ws/src/humanoid-control/humanoid-control/humanoid_controllers/src/humanoidTeleop.cpp:[m[K In function ‘[01m[Kint main(int, char**)[m[K’:
[01m[K/home/robinbrown/test_ws/src/humanoid-control/humanoid-control/humanoid_controllers/src/humanoidTeleop.cpp:50:19:[m[K [01;31m[Kerror: [m[K‘[01m[Kgetch[m[K’ was not declared in this scope; did you mean ‘[01m[Kgetc[m[K’?
   50 |         char ch = [01;31m[Kgetch[m[K();
      |                   [01;31m[K^~~~~[m[K
      |                   [32m[Kgetc[m[K
compilation terminated due to -Wfatal-errors.
make[2]: *** [CMakeFiles/humanoid_controller_node.dir/build.make:63：CMakeFiles/humanoid_controller_node.dir/src/humanoidTeleop.cpp.o] 错误 1
make[1]: *** [CMakeFiles/Makefile2:423：CMakeFiles/humanoid_controller_node.dir/all] 错误 2
make: *** [Makefile:141：all] 错误 2
