[  0%] Built target visualization_msgs_generate_messages_py
[  0%] Built target actionlib_msgs_generate_messages_cpp
[  0%] Built target std_msgs_generate_messages_nodejs
[  0%] Built target visualization_msgs_generate_messages_nodejs
[  0%] Built target actionlib_generate_messages_nodejs
[  0%] Built target tf_generate_messages_eus
[  0%] Built target rosgraph_msgs_generate_messages_nodejs
[  0%] Built target rosgraph_msgs_generate_messages_py
[  0%] Built target roscpp_generate_messages_lisp
[  0%] Built target tf2_msgs_generate_messages_cpp
[  0%] Built target actionlib_msgs_generate_messages_py
[  0%] Built target std_msgs_generate_messages_py
[  0%] Built target geometry_msgs_generate_messages_eus
[  0%] Built target actionlib_generate_messages_lisp
[  0%] Built target actionlib_generate_messages_cpp
[  0%] Built target std_msgs_generate_messages_cpp
[  0%] Built target rosgraph_msgs_generate_messages_lisp
[  0%] Built target actionlib_msgs_generate_messages_eus
[  0%] Built target std_msgs_generate_messages_lisp
[  0%] Built target roscpp_generate_messages_py
[  0%] Built target roscpp_generate_messages_eus
[  0%] Built target roscpp_generate_messages_nodejs
[  0%] Built target roscpp_generate_messages_cpp
[  0%] Built target tf_generate_messages_py
[  0%] Built target actionlib_msgs_generate_messages_lisp
[  0%] Built target rosgraph_msgs_generate_messages_cpp
[  0%] Built target actionlib_generate_messages_eus
[  0%] Built target actionlib_msgs_generate_messages_nodejs
[  0%] Built target geometry_msgs_generate_messages_cpp
[  0%] Built target tf2_msgs_generate_messages_py
[  0%] Built target rosgraph_msgs_generate_messages_eus
[ 16%] Built target humanoid_controllers
[ 16%] Built target geometry_msgs_generate_messages_nodejs
[ 16%] Built target geometry_msgs_generate_messages_lisp
[ 16%] Built target visualization_msgs_generate_messages_eus
[ 16%] Built target std_msgs_generate_messages_eus
[ 16%] Built target tf_generate_messages_cpp
[ 16%] Built target visualization_msgs_generate_messages_lisp
[ 16%] Built target sensor_msgs_generate_messages_py
[ 16%] Built target tf2_msgs_generate_messages_eus
[ 16%] Built target tf_generate_messages_lisp
[ 16%] Built target geometry_msgs_generate_messages_py
[ 16%] Built target tf2_msgs_generate_messages_lisp
[ 16%] Built target tf2_msgs_generate_messages_nodejs
[ 16%] Built target sensor_msgs_generate_messages_cpp
[ 16%] Built target ocs2_msgs_generate_messages_py
[ 16%] Built target visualization_msgs_generate_messages_cpp
[ 16%] Built target tf_generate_messages_nodejs
[ 16%] Built target sensor_msgs_generate_messages_nodejs
[ 16%] Built target actionlib_generate_messages_py
[ 16%] Built target ocs2_msgs_generate_messages_cpp
[ 16%] Built target ocs2_msgs_generate_messages_lisp
[ 16%] Built target sensor_msgs_generate_messages_eus
[ 16%] Built target ocs2_msgs_generate_messages_eus
[ 16%] Built target sensor_msgs_generate_messages_lisp
[ 16%] Built target ocs2_msgs_generate_messages_nodejs
[35m[1mScanning dependencies of target humanoid_controller_node[0m
[ 25%] [32mBuilding CXX object CMakeFiles/humanoid_controller_node.dir/src/humanoidTeleop.cpp.o[0m
[ 91%] Built target humanoid_target_trajectories_publisher
[ 91%] Built target normal_controller_node
[ 91%] Built target joy_controller_node
[ 91%] Built target cheat_controller_node
[100%] [32m[1mLinking CXX executable /home/robinbrown/test_ws/devel/.private/humanoid_controllers/lib/humanoid_controllers/humanoid_controller_node[0m
[100%] Built target humanoid_controller_node
