Linked: (/home/robinbrown/test_ws/devel/.private/ocs2_msgs/share/ocs2_msgs/cmake/ocs2_msgsConfig.cmake, /home/robinbrown/test_ws/devel/share/ocs2_msgs/cmake/ocs2_msgsConfig.cmake)
Linked: (/home/robinbrown/test_ws/devel/.private/ocs2_msgs/share/ocs2_msgs/cmake/ocs2_msgs-msg-paths.cmake, /home/robinbrown/test_ws/devel/share/ocs2_msgs/cmake/ocs2_msgs-msg-paths.cmake)
Linked: (/home/robinbrown/test_ws/devel/.private/ocs2_msgs/share/ocs2_msgs/cmake/ocs2_msgs-msg-extras.cmake, /home/robinbrown/test_ws/devel/share/ocs2_msgs/cmake/ocs2_msgs-msg-extras.cmake)
Linked: (/home/robinbrown/test_ws/devel/.private/ocs2_msgs/share/ocs2_msgs/cmake/ocs2_msgsConfig-version.cmake, /home/robinbrown/test_ws/devel/share/ocs2_msgs/cmake/ocs2_msgsConfig-version.cmake)
Linked: (/home/robinbrown/test_ws/devel/.private/ocs2_msgs/share/roseus/ros/ocs2_msgs/manifest.l, /home/robinbrown/test_ws/devel/share/roseus/ros/ocs2_msgs/manifest.l)
Linked: (/home/robinbrown/test_ws/devel/.private/ocs2_msgs/share/roseus/ros/ocs2_msgs/srv/reset.l, /home/robinbrown/test_ws/devel/share/roseus/ros/ocs2_msgs/srv/reset.l)
Linked: (/home/robinbrown/test_ws/devel/.private/ocs2_msgs/share/roseus/ros/ocs2_msgs/msg/constraint.l, /home/robinbrown/test_ws/devel/share/roseus/ros/ocs2_msgs/msg/constraint.l)
Linked: (/home/robinbrown/test_ws/devel/.private/ocs2_msgs/share/roseus/ros/ocs2_msgs/msg/lagrangian_metrics.l, /home/robinbrown/test_ws/devel/share/roseus/ros/ocs2_msgs/msg/lagrangian_metrics.l)
Linked: (/home/robinbrown/test_ws/devel/.private/ocs2_msgs/share/roseus/ros/ocs2_msgs/msg/multiplier.l, /home/robinbrown/test_ws/devel/share/roseus/ros/ocs2_msgs/msg/multiplier.l)
Linked: (/home/robinbrown/test_ws/devel/.private/ocs2_msgs/share/roseus/ros/ocs2_msgs/msg/mode_schedule.l, /home/robinbrown/test_ws/devel/share/roseus/ros/ocs2_msgs/msg/mode_schedule.l)
Linked: (/home/robinbrown/test_ws/devel/.private/ocs2_msgs/share/roseus/ros/ocs2_msgs/msg/mpc_target_trajectories.l, /home/robinbrown/test_ws/devel/share/roseus/ros/ocs2_msgs/msg/mpc_target_trajectories.l)
Linked: (/home/robinbrown/test_ws/devel/.private/ocs2_msgs/share/roseus/ros/ocs2_msgs/msg/controller_data.l, /home/robinbrown/test_ws/devel/share/roseus/ros/ocs2_msgs/msg/controller_data.l)
Linked: (/home/robinbrown/test_ws/devel/.private/ocs2_msgs/share/roseus/ros/ocs2_msgs/msg/mpc_flattened_controller.l, /home/robinbrown/test_ws/devel/share/roseus/ros/ocs2_msgs/msg/mpc_flattened_controller.l)
Linked: (/home/robinbrown/test_ws/devel/.private/ocs2_msgs/share/roseus/ros/ocs2_msgs/msg/mpc_performance_indices.l, /home/robinbrown/test_ws/devel/share/roseus/ros/ocs2_msgs/msg/mpc_performance_indices.l)
Linked: (/home/robinbrown/test_ws/devel/.private/ocs2_msgs/share/roseus/ros/ocs2_msgs/msg/mpc_observation.l, /home/robinbrown/test_ws/devel/share/roseus/ros/ocs2_msgs/msg/mpc_observation.l)
Linked: (/home/robinbrown/test_ws/devel/.private/ocs2_msgs/share/roseus/ros/ocs2_msgs/msg/mpc_state.l, /home/robinbrown/test_ws/devel/share/roseus/ros/ocs2_msgs/msg/mpc_state.l)
Linked: (/home/robinbrown/test_ws/devel/.private/ocs2_msgs/share/roseus/ros/ocs2_msgs/msg/mpc_input.l, /home/robinbrown/test_ws/devel/share/roseus/ros/ocs2_msgs/msg/mpc_input.l)
Linked: (/home/robinbrown/test_ws/devel/.private/ocs2_msgs/share/gennodejs/ros/ocs2_msgs/_index.js, /home/robinbrown/test_ws/devel/share/gennodejs/ros/ocs2_msgs/_index.js)
Linked: (/home/robinbrown/test_ws/devel/.private/ocs2_msgs/share/gennodejs/ros/ocs2_msgs/srv/reset.js, /home/robinbrown/test_ws/devel/share/gennodejs/ros/ocs2_msgs/srv/reset.js)
Linked: (/home/robinbrown/test_ws/devel/.private/ocs2_msgs/share/gennodejs/ros/ocs2_msgs/srv/_index.js, /home/robinbrown/test_ws/devel/share/gennodejs/ros/ocs2_msgs/srv/_index.js)
Linked: (/home/robinbrown/test_ws/devel/.private/ocs2_msgs/share/gennodejs/ros/ocs2_msgs/msg/constraint.js, /home/robinbrown/test_ws/devel/share/gennodejs/ros/ocs2_msgs/msg/constraint.js)
Linked: (/home/robinbrown/test_ws/devel/.private/ocs2_msgs/share/gennodejs/ros/ocs2_msgs/msg/mpc_target_trajectories.js, /home/robinbrown/test_ws/devel/share/gennodejs/ros/ocs2_msgs/msg/mpc_target_trajectories.js)
Linked: (/home/robinbrown/test_ws/devel/.private/ocs2_msgs/share/gennodejs/ros/ocs2_msgs/msg/mpc_performance_indices.js, /home/robinbrown/test_ws/devel/share/gennodejs/ros/ocs2_msgs/msg/mpc_performance_indices.js)
Linked: (/home/robinbrown/test_ws/devel/.private/ocs2_msgs/share/gennodejs/ros/ocs2_msgs/msg/lagrangian_metrics.js, /home/robinbrown/test_ws/devel/share/gennodejs/ros/ocs2_msgs/msg/lagrangian_metrics.js)
Linked: (/home/robinbrown/test_ws/devel/.private/ocs2_msgs/share/gennodejs/ros/ocs2_msgs/msg/mpc_flattened_controller.js, /home/robinbrown/test_ws/devel/share/gennodejs/ros/ocs2_msgs/msg/mpc_flattened_controller.js)
Linked: (/home/robinbrown/test_ws/devel/.private/ocs2_msgs/share/gennodejs/ros/ocs2_msgs/msg/mode_schedule.js, /home/robinbrown/test_ws/devel/share/gennodejs/ros/ocs2_msgs/msg/mode_schedule.js)
Linked: (/home/robinbrown/test_ws/devel/.private/ocs2_msgs/share/gennodejs/ros/ocs2_msgs/msg/mpc_observation.js, /home/robinbrown/test_ws/devel/share/gennodejs/ros/ocs2_msgs/msg/mpc_observation.js)
Linked: (/home/robinbrown/test_ws/devel/.private/ocs2_msgs/share/gennodejs/ros/ocs2_msgs/msg/multiplier.js, /home/robinbrown/test_ws/devel/share/gennodejs/ros/ocs2_msgs/msg/multiplier.js)
Linked: (/home/robinbrown/test_ws/devel/.private/ocs2_msgs/share/gennodejs/ros/ocs2_msgs/msg/mpc_state.js, /home/robinbrown/test_ws/devel/share/gennodejs/ros/ocs2_msgs/msg/mpc_state.js)
Linked: (/home/robinbrown/test_ws/devel/.private/ocs2_msgs/share/gennodejs/ros/ocs2_msgs/msg/controller_data.js, /home/robinbrown/test_ws/devel/share/gennodejs/ros/ocs2_msgs/msg/controller_data.js)
Linked: (/home/robinbrown/test_ws/devel/.private/ocs2_msgs/share/gennodejs/ros/ocs2_msgs/msg/mpc_input.js, /home/robinbrown/test_ws/devel/share/gennodejs/ros/ocs2_msgs/msg/mpc_input.js)
Linked: (/home/robinbrown/test_ws/devel/.private/ocs2_msgs/share/gennodejs/ros/ocs2_msgs/msg/_index.js, /home/robinbrown/test_ws/devel/share/gennodejs/ros/ocs2_msgs/msg/_index.js)
Linked: (/home/robinbrown/test_ws/devel/.private/ocs2_msgs/share/common-lisp/ros/ocs2_msgs/srv/reset.lisp, /home/robinbrown/test_ws/devel/share/common-lisp/ros/ocs2_msgs/srv/reset.lisp)
Linked: (/home/robinbrown/test_ws/devel/.private/ocs2_msgs/share/common-lisp/ros/ocs2_msgs/srv/_package_reset.lisp, /home/robinbrown/test_ws/devel/share/common-lisp/ros/ocs2_msgs/srv/_package_reset.lisp)
Linked: (/home/robinbrown/test_ws/devel/.private/ocs2_msgs/share/common-lisp/ros/ocs2_msgs/srv/ocs2_msgs-srv.asd, /home/robinbrown/test_ws/devel/share/common-lisp/ros/ocs2_msgs/srv/ocs2_msgs-srv.asd)
Linked: (/home/robinbrown/test_ws/devel/.private/ocs2_msgs/share/common-lisp/ros/ocs2_msgs/srv/_package.lisp, /home/robinbrown/test_ws/devel/share/common-lisp/ros/ocs2_msgs/srv/_package.lisp)
Linked: (/home/robinbrown/test_ws/devel/.private/ocs2_msgs/share/common-lisp/ros/ocs2_msgs/msg/lagrangian_metrics.lisp, /home/robinbrown/test_ws/devel/share/common-lisp/ros/ocs2_msgs/msg/lagrangian_metrics.lisp)
Linked: (/home/robinbrown/test_ws/devel/.private/ocs2_msgs/share/common-lisp/ros/ocs2_msgs/msg/_package_mpc_flattened_controller.lisp, /home/robinbrown/test_ws/devel/share/common-lisp/ros/ocs2_msgs/msg/_package_mpc_flattened_controller.lisp)
Linked: (/home/robinbrown/test_ws/devel/.private/ocs2_msgs/share/common-lisp/ros/ocs2_msgs/msg/constraint.lisp, /home/robinbrown/test_ws/devel/share/common-lisp/ros/ocs2_msgs/msg/constraint.lisp)
Linked: (/home/robinbrown/test_ws/devel/.private/ocs2_msgs/share/common-lisp/ros/ocs2_msgs/msg/_package_multiplier.lisp, /home/robinbrown/test_ws/devel/share/common-lisp/ros/ocs2_msgs/msg/_package_multiplier.lisp)
Linked: (/home/robinbrown/test_ws/devel/.private/ocs2_msgs/share/common-lisp/ros/ocs2_msgs/msg/_package_constraint.lisp, /home/robinbrown/test_ws/devel/share/common-lisp/ros/ocs2_msgs/msg/_package_constraint.lisp)
Linked: (/home/robinbrown/test_ws/devel/.private/ocs2_msgs/share/common-lisp/ros/ocs2_msgs/msg/mpc_target_trajectories.lisp, /home/robinbrown/test_ws/devel/share/common-lisp/ros/ocs2_msgs/msg/mpc_target_trajectories.lisp)
Linked: (/home/robinbrown/test_ws/devel/.private/ocs2_msgs/share/common-lisp/ros/ocs2_msgs/msg/_package_lagrangian_metrics.lisp, /home/robinbrown/test_ws/devel/share/common-lisp/ros/ocs2_msgs/msg/_package_lagrangian_metrics.lisp)
Linked: (/home/robinbrown/test_ws/devel/.private/ocs2_msgs/share/common-lisp/ros/ocs2_msgs/msg/ocs2_msgs-msg.asd, /home/robinbrown/test_ws/devel/share/common-lisp/ros/ocs2_msgs/msg/ocs2_msgs-msg.asd)
Linked: (/home/robinbrown/test_ws/devel/.private/ocs2_msgs/share/common-lisp/ros/ocs2_msgs/msg/mpc_state.lisp, /home/robinbrown/test_ws/devel/share/common-lisp/ros/ocs2_msgs/msg/mpc_state.lisp)
Linked: (/home/robinbrown/test_ws/devel/.private/ocs2_msgs/share/common-lisp/ros/ocs2_msgs/msg/_package_mpc_input.lisp, /home/robinbrown/test_ws/devel/share/common-lisp/ros/ocs2_msgs/msg/_package_mpc_input.lisp)
Linked: (/home/robinbrown/test_ws/devel/.private/ocs2_msgs/share/common-lisp/ros/ocs2_msgs/msg/mpc_flattened_controller.lisp, /home/robinbrown/test_ws/devel/share/common-lisp/ros/ocs2_msgs/msg/mpc_flattened_controller.lisp)
Linked: (/home/robinbrown/test_ws/devel/.private/ocs2_msgs/share/common-lisp/ros/ocs2_msgs/msg/mpc_performance_indices.lisp, /home/robinbrown/test_ws/devel/share/common-lisp/ros/ocs2_msgs/msg/mpc_performance_indices.lisp)
Linked: (/home/robinbrown/test_ws/devel/.private/ocs2_msgs/share/common-lisp/ros/ocs2_msgs/msg/mode_schedule.lisp, /home/robinbrown/test_ws/devel/share/common-lisp/ros/ocs2_msgs/msg/mode_schedule.lisp)
Linked: (/home/robinbrown/test_ws/devel/.private/ocs2_msgs/share/common-lisp/ros/ocs2_msgs/msg/controller_data.lisp, /home/robinbrown/test_ws/devel/share/common-lisp/ros/ocs2_msgs/msg/controller_data.lisp)
Linked: (/home/robinbrown/test_ws/devel/.private/ocs2_msgs/share/common-lisp/ros/ocs2_msgs/msg/_package_controller_data.lisp, /home/robinbrown/test_ws/devel/share/common-lisp/ros/ocs2_msgs/msg/_package_controller_data.lisp)
Linked: (/home/robinbrown/test_ws/devel/.private/ocs2_msgs/share/common-lisp/ros/ocs2_msgs/msg/_package_mpc_observation.lisp, /home/robinbrown/test_ws/devel/share/common-lisp/ros/ocs2_msgs/msg/_package_mpc_observation.lisp)
Linked: (/home/robinbrown/test_ws/devel/.private/ocs2_msgs/share/common-lisp/ros/ocs2_msgs/msg/_package_mpc_target_trajectories.lisp, /home/robinbrown/test_ws/devel/share/common-lisp/ros/ocs2_msgs/msg/_package_mpc_target_trajectories.lisp)
Linked: (/home/robinbrown/test_ws/devel/.private/ocs2_msgs/share/common-lisp/ros/ocs2_msgs/msg/mpc_input.lisp, /home/robinbrown/test_ws/devel/share/common-lisp/ros/ocs2_msgs/msg/mpc_input.lisp)
Linked: (/home/robinbrown/test_ws/devel/.private/ocs2_msgs/share/common-lisp/ros/ocs2_msgs/msg/mpc_observation.lisp, /home/robinbrown/test_ws/devel/share/common-lisp/ros/ocs2_msgs/msg/mpc_observation.lisp)
Linked: (/home/robinbrown/test_ws/devel/.private/ocs2_msgs/share/common-lisp/ros/ocs2_msgs/msg/_package.lisp, /home/robinbrown/test_ws/devel/share/common-lisp/ros/ocs2_msgs/msg/_package.lisp)
Linked: (/home/robinbrown/test_ws/devel/.private/ocs2_msgs/share/common-lisp/ros/ocs2_msgs/msg/_package_mpc_performance_indices.lisp, /home/robinbrown/test_ws/devel/share/common-lisp/ros/ocs2_msgs/msg/_package_mpc_performance_indices.lisp)
Linked: (/home/robinbrown/test_ws/devel/.private/ocs2_msgs/share/common-lisp/ros/ocs2_msgs/msg/multiplier.lisp, /home/robinbrown/test_ws/devel/share/common-lisp/ros/ocs2_msgs/msg/multiplier.lisp)
Linked: (/home/robinbrown/test_ws/devel/.private/ocs2_msgs/share/common-lisp/ros/ocs2_msgs/msg/_package_mpc_state.lisp, /home/robinbrown/test_ws/devel/share/common-lisp/ros/ocs2_msgs/msg/_package_mpc_state.lisp)
Linked: (/home/robinbrown/test_ws/devel/.private/ocs2_msgs/share/common-lisp/ros/ocs2_msgs/msg/_package_mode_schedule.lisp, /home/robinbrown/test_ws/devel/share/common-lisp/ros/ocs2_msgs/msg/_package_mode_schedule.lisp)
Linked: (/home/robinbrown/test_ws/devel/.private/ocs2_msgs/include/ocs2_msgs/mode_schedule.h, /home/robinbrown/test_ws/devel/include/ocs2_msgs/mode_schedule.h)
Linked: (/home/robinbrown/test_ws/devel/.private/ocs2_msgs/include/ocs2_msgs/resetRequest.h, /home/robinbrown/test_ws/devel/include/ocs2_msgs/resetRequest.h)
Linked: (/home/robinbrown/test_ws/devel/.private/ocs2_msgs/include/ocs2_msgs/mpc_flattened_controller.h, /home/robinbrown/test_ws/devel/include/ocs2_msgs/mpc_flattened_controller.h)
Linked: (/home/robinbrown/test_ws/devel/.private/ocs2_msgs/include/ocs2_msgs/mpc_state.h, /home/robinbrown/test_ws/devel/include/ocs2_msgs/mpc_state.h)
Linked: (/home/robinbrown/test_ws/devel/.private/ocs2_msgs/include/ocs2_msgs/constraint.h, /home/robinbrown/test_ws/devel/include/ocs2_msgs/constraint.h)
Linked: (/home/robinbrown/test_ws/devel/.private/ocs2_msgs/include/ocs2_msgs/controller_data.h, /home/robinbrown/test_ws/devel/include/ocs2_msgs/controller_data.h)
Linked: (/home/robinbrown/test_ws/devel/.private/ocs2_msgs/include/ocs2_msgs/multiplier.h, /home/robinbrown/test_ws/devel/include/ocs2_msgs/multiplier.h)
Linked: (/home/robinbrown/test_ws/devel/.private/ocs2_msgs/include/ocs2_msgs/resetResponse.h, /home/robinbrown/test_ws/devel/include/ocs2_msgs/resetResponse.h)
Linked: (/home/robinbrown/test_ws/devel/.private/ocs2_msgs/include/ocs2_msgs/mpc_observation.h, /home/robinbrown/test_ws/devel/include/ocs2_msgs/mpc_observation.h)
Linked: (/home/robinbrown/test_ws/devel/.private/ocs2_msgs/include/ocs2_msgs/mpc_input.h, /home/robinbrown/test_ws/devel/include/ocs2_msgs/mpc_input.h)
Linked: (/home/robinbrown/test_ws/devel/.private/ocs2_msgs/include/ocs2_msgs/reset.h, /home/robinbrown/test_ws/devel/include/ocs2_msgs/reset.h)
Linked: (/home/robinbrown/test_ws/devel/.private/ocs2_msgs/include/ocs2_msgs/lagrangian_metrics.h, /home/robinbrown/test_ws/devel/include/ocs2_msgs/lagrangian_metrics.h)
Linked: (/home/robinbrown/test_ws/devel/.private/ocs2_msgs/include/ocs2_msgs/mpc_target_trajectories.h, /home/robinbrown/test_ws/devel/include/ocs2_msgs/mpc_target_trajectories.h)
Linked: (/home/robinbrown/test_ws/devel/.private/ocs2_msgs/include/ocs2_msgs/mpc_performance_indices.h, /home/robinbrown/test_ws/devel/include/ocs2_msgs/mpc_performance_indices.h)
Linked: (/home/robinbrown/test_ws/devel/.private/ocs2_msgs/lib/python3/dist-packages/ocs2_msgs/__init__.py, /home/robinbrown/test_ws/devel/lib/python3/dist-packages/ocs2_msgs/__init__.py)
Linked: (/home/robinbrown/test_ws/devel/.private/ocs2_msgs/lib/python3/dist-packages/ocs2_msgs/srv/__init__.py, /home/robinbrown/test_ws/devel/lib/python3/dist-packages/ocs2_msgs/srv/__init__.py)
Linked: (/home/robinbrown/test_ws/devel/.private/ocs2_msgs/lib/python3/dist-packages/ocs2_msgs/srv/_reset.py, /home/robinbrown/test_ws/devel/lib/python3/dist-packages/ocs2_msgs/srv/_reset.py)
Linked: (/home/robinbrown/test_ws/devel/.private/ocs2_msgs/lib/python3/dist-packages/ocs2_msgs/msg/_mpc_state.py, /home/robinbrown/test_ws/devel/lib/python3/dist-packages/ocs2_msgs/msg/_mpc_state.py)
Linked: (/home/robinbrown/test_ws/devel/.private/ocs2_msgs/lib/python3/dist-packages/ocs2_msgs/msg/_mpc_target_trajectories.py, /home/robinbrown/test_ws/devel/lib/python3/dist-packages/ocs2_msgs/msg/_mpc_target_trajectories.py)
Linked: (/home/robinbrown/test_ws/devel/.private/ocs2_msgs/lib/python3/dist-packages/ocs2_msgs/msg/__init__.py, /home/robinbrown/test_ws/devel/lib/python3/dist-packages/ocs2_msgs/msg/__init__.py)
Linked: (/home/robinbrown/test_ws/devel/.private/ocs2_msgs/lib/python3/dist-packages/ocs2_msgs/msg/_mpc_flattened_controller.py, /home/robinbrown/test_ws/devel/lib/python3/dist-packages/ocs2_msgs/msg/_mpc_flattened_controller.py)
Linked: (/home/robinbrown/test_ws/devel/.private/ocs2_msgs/lib/python3/dist-packages/ocs2_msgs/msg/_mode_schedule.py, /home/robinbrown/test_ws/devel/lib/python3/dist-packages/ocs2_msgs/msg/_mode_schedule.py)
Linked: (/home/robinbrown/test_ws/devel/.private/ocs2_msgs/lib/python3/dist-packages/ocs2_msgs/msg/_mpc_observation.py, /home/robinbrown/test_ws/devel/lib/python3/dist-packages/ocs2_msgs/msg/_mpc_observation.py)
Linked: (/home/robinbrown/test_ws/devel/.private/ocs2_msgs/lib/python3/dist-packages/ocs2_msgs/msg/_mpc_input.py, /home/robinbrown/test_ws/devel/lib/python3/dist-packages/ocs2_msgs/msg/_mpc_input.py)
Linked: (/home/robinbrown/test_ws/devel/.private/ocs2_msgs/lib/python3/dist-packages/ocs2_msgs/msg/_lagrangian_metrics.py, /home/robinbrown/test_ws/devel/lib/python3/dist-packages/ocs2_msgs/msg/_lagrangian_metrics.py)
Linked: (/home/robinbrown/test_ws/devel/.private/ocs2_msgs/lib/python3/dist-packages/ocs2_msgs/msg/_constraint.py, /home/robinbrown/test_ws/devel/lib/python3/dist-packages/ocs2_msgs/msg/_constraint.py)
Linked: (/home/robinbrown/test_ws/devel/.private/ocs2_msgs/lib/python3/dist-packages/ocs2_msgs/msg/_multiplier.py, /home/robinbrown/test_ws/devel/lib/python3/dist-packages/ocs2_msgs/msg/_multiplier.py)
Linked: (/home/robinbrown/test_ws/devel/.private/ocs2_msgs/lib/python3/dist-packages/ocs2_msgs/msg/_mpc_performance_indices.py, /home/robinbrown/test_ws/devel/lib/python3/dist-packages/ocs2_msgs/msg/_mpc_performance_indices.py)
Linked: (/home/robinbrown/test_ws/devel/.private/ocs2_msgs/lib/python3/dist-packages/ocs2_msgs/msg/_controller_data.py, /home/robinbrown/test_ws/devel/lib/python3/dist-packages/ocs2_msgs/msg/_controller_data.py)
Linked: (/home/robinbrown/test_ws/devel/.private/ocs2_msgs/lib/pkgconfig/ocs2_msgs.pc, /home/robinbrown/test_ws/devel/lib/pkgconfig/ocs2_msgs.pc)
