Not searching for unused variables given on the command line.
[36m--[0m Using CATKIN_DEVEL_PREFIX: /home/robinbrown/test_ws/devel/.private/qpoases_catkin
[36m--[0m Using CMAKE_PREFIX_PATH: /home/robinbrown/test_ws/devel;/opt/ros/noetic
[36m--[0m This workspace overlays: /home/robinbrown/test_ws/devel;/opt/ros/noetic
[36m--[0m Found PythonInterp: /usr/bin/python3 (found suitable version "3.8.10", minimum required is "3")
[36m--[0m Using PYTHON_EXECUTABLE: /usr/bin/python3
[36m--[0m Using Debian Python package layout
[36m--[0m Using empy: /usr/lib/python3/dist-packages/em.py
[36m--[0m Using CATKIN_ENABLE_TESTING: ON
[36m--[0m Call enable_testing()
[36m--[0m Using CATKIN_TEST_RESULTS_DIR: /home/robinbrown/test_ws/build/qpoases_catkin/test_results
[36m--[0m Forcing gtest/gmock from source, though one was otherwise available.
[36m--[0m Found gtest sources under '/usr/src/googletest': gtests will be built
[36m--[0m Found gmock sources under '/usr/src/googletest': gmock will be built
[36m--[0m Found PythonInterp: /usr/bin/python3 (found version "3.8.10")
[36m--[0m Using Python nosetests: /usr/bin/nosetests3
[36m--[0m catkin 0.8.10
[36m--[0m BUILD_SHARED_LIBS is on
[36m--[0m FOUND HEADER: /home/robinbrown/test_ws/build/qpoases_catkin/download/include/qpOASES/Bounds.hpp
[36m--[0m FOUND HEADER: /home/robinbrown/test_ws/build/qpoases_catkin/download/include/qpOASES/Bounds.ipp
[36m--[0m FOUND HEADER: /home/robinbrown/test_ws/build/qpoases_catkin/download/include/qpOASES/Constants.hpp
[36m--[0m FOUND HEADER: /home/robinbrown/test_ws/build/qpoases_catkin/download/include/qpOASES/ConstraintProduct.hpp
[36m--[0m FOUND HEADER: /home/robinbrown/test_ws/build/qpoases_catkin/download/include/qpOASES/Constraints.hpp
[36m--[0m FOUND HEADER: /home/robinbrown/test_ws/build/qpoases_catkin/download/include/qpOASES/Constraints.ipp
[36m--[0m FOUND HEADER: /home/robinbrown/test_ws/build/qpoases_catkin/download/include/qpOASES/Flipper.hpp
[36m--[0m FOUND HEADER: /home/robinbrown/test_ws/build/qpoases_catkin/download/include/qpOASES/Indexlist.hpp
[36m--[0m FOUND HEADER: /home/robinbrown/test_ws/build/qpoases_catkin/download/include/qpOASES/Indexlist.ipp
[36m--[0m FOUND HEADER: /home/robinbrown/test_ws/build/qpoases_catkin/download/include/qpOASES/LapackBlasReplacement.hpp
[36m--[0m FOUND HEADER: /home/robinbrown/test_ws/build/qpoases_catkin/download/include/qpOASES/Matrices.hpp
[36m--[0m FOUND HEADER: /home/robinbrown/test_ws/build/qpoases_catkin/download/include/qpOASES/MessageHandling.hpp
[36m--[0m FOUND HEADER: /home/robinbrown/test_ws/build/qpoases_catkin/download/include/qpOASES/MessageHandling.ipp
[36m--[0m FOUND HEADER: /home/robinbrown/test_ws/build/qpoases_catkin/download/include/qpOASES/Options.hpp
[36m--[0m FOUND HEADER: /home/robinbrown/test_ws/build/qpoases_catkin/download/include/qpOASES/QProblem.hpp
[36m--[0m FOUND HEADER: /home/robinbrown/test_ws/build/qpoases_catkin/download/include/qpOASES/QProblem.ipp
[36m--[0m FOUND HEADER: /home/robinbrown/test_ws/build/qpoases_catkin/download/include/qpOASES/QProblemB.hpp
[36m--[0m FOUND HEADER: /home/robinbrown/test_ws/build/qpoases_catkin/download/include/qpOASES/QProblemB.ipp
[36m--[0m FOUND HEADER: /home/robinbrown/test_ws/build/qpoases_catkin/download/include/qpOASES/SQProblem.hpp
[36m--[0m FOUND HEADER: /home/robinbrown/test_ws/build/qpoases_catkin/download/include/qpOASES/SQProblem.ipp
[36m--[0m FOUND HEADER: /home/robinbrown/test_ws/build/qpoases_catkin/download/include/qpOASES/SQProblemSchur.hpp
[36m--[0m FOUND HEADER: /home/robinbrown/test_ws/build/qpoases_catkin/download/include/qpOASES/SQProblemSchur.ipp
[36m--[0m FOUND HEADER: /home/robinbrown/test_ws/build/qpoases_catkin/download/include/qpOASES/SparseSolver.hpp
[36m--[0m FOUND HEADER: /home/robinbrown/test_ws/build/qpoases_catkin/download/include/qpOASES/SubjectTo.hpp
[36m--[0m FOUND HEADER: /home/robinbrown/test_ws/build/qpoases_catkin/download/include/qpOASES/SubjectTo.ipp
[36m--[0m FOUND HEADER: /home/robinbrown/test_ws/build/qpoases_catkin/download/include/qpOASES/Types.hpp
[36m--[0m FOUND HEADER: /home/robinbrown/test_ws/build/qpoases_catkin/download/include/qpOASES/UnitTesting.hpp
[36m--[0m FOUND HEADER: /home/robinbrown/test_ws/build/qpoases_catkin/download/include/qpOASES/Utils.hpp
[36m--[0m FOUND HEADER: /home/robinbrown/test_ws/build/qpoases_catkin/download/include/qpOASES/Utils.ipp
[36m--[0m FOUND HEADER: /home/robinbrown/test_ws/build/qpoases_catkin/download/include/qpOASES/extras/OQPinterface.hpp
[36m--[0m FOUND HEADER: /home/robinbrown/test_ws/build/qpoases_catkin/download/include/qpOASES/extras/SolutionAnalysis.hpp
[36m--[0m FOUND HEADER: /home/robinbrown/test_ws/build/qpoases_catkin/download/include/qpOASES/extras/SolutionAnalysis.ipp
[36m--[0m FOUND HEADER: /home/robinbrown/test_ws/build/qpoases_catkin/download/include/qpOASES/extras/OQPinterface.hpp
[36m--[0m FOUND HEADER: /home/robinbrown/test_ws/build/qpoases_catkin/download/include/qpOASES/extras/SolutionAnalysis.hpp
[36m--[0m FOUND HEADER: /home/robinbrown/test_ws/build/qpoases_catkin/download/include/qpOASES/extras/SolutionAnalysis.ipp
[36m--[0m Configuring done
[36m--[0m Generating done
[36m--[0m Build files have been written to: /home/robinbrown/test_ws/build/qpoases_catkin
