Linked: (/home/robinbrown/test_ws/devel/.private/blasfeo_catkin/share/blasfeo_catkin/cmake/blasfeo_catkinConfig-version.cmake, /home/robinbrown/test_ws/devel/share/blasfeo_catkin/cmake/blasfeo_catkinConfig-version.cmake)
Linked: (/home/robinbrown/test_ws/devel/.private/blasfeo_catkin/share/blasfeo_catkin/cmake/blasfeo-extras.cmake, /home/robinbrown/test_ws/devel/share/blasfeo_catkin/cmake/blasfeo-extras.cmake)
Linked: (/home/robinbrown/test_ws/devel/.private/blasfeo_catkin/share/blasfeo_catkin/cmake/blasfeo_catkinConfig.cmake, /home/robinbrown/test_ws/devel/share/blasfeo_catkin/cmake/blasfeo_catkinConfig.cmake)
Linked: (/home/robinbrown/test_ws/devel/.private/blasfeo_catkin/include/s_blas.h, /home/robinbrown/test_ws/devel/include/s_blas.h)
Linked: (/home/robinbrown/test_ws/devel/.private/blasfeo_catkin/include/blasfeo_memory.h, /home/robinbrown/test_ws/devel/include/blasfeo_memory.h)
Linked: (/home/robinbrown/test_ws/devel/.private/blasfeo_catkin/include/blasfeo_s_blasfeo_api_ref.h, /home/robinbrown/test_ws/devel/include/blasfeo_s_blasfeo_api_ref.h)
Linked: (/home/robinbrown/test_ws/devel/.private/blasfeo_catkin/include/blasfeo_d_aux_ext_dep_ref.h, /home/robinbrown/test_ws/devel/include/blasfeo_d_aux_ext_dep_ref.h)
Linked: (/home/robinbrown/test_ws/devel/.private/blasfeo_catkin/include/blasfeo_s_aux_test.h, /home/robinbrown/test_ws/devel/include/blasfeo_s_aux_test.h)
Linked: (/home/robinbrown/test_ws/devel/.private/blasfeo_catkin/include/blasfeo_d_aux_ext_dep.h, /home/robinbrown/test_ws/devel/include/blasfeo_d_aux_ext_dep.h)
Linked: (/home/robinbrown/test_ws/devel/.private/blasfeo_catkin/include/blasfeo_s_aux_ext_dep_ref.h, /home/robinbrown/test_ws/devel/include/blasfeo_s_aux_ext_dep_ref.h)
Linked: (/home/robinbrown/test_ws/devel/.private/blasfeo_catkin/include/blasfeo_s_aux_ext_dep.h, /home/robinbrown/test_ws/devel/include/blasfeo_s_aux_ext_dep.h)
Linked: (/home/robinbrown/test_ws/devel/.private/blasfeo_catkin/include/blasfeo_s_blasfeo_api.h, /home/robinbrown/test_ws/devel/include/blasfeo_s_blasfeo_api.h)
Linked: (/home/robinbrown/test_ws/devel/.private/blasfeo_catkin/include/blasfeo_common.h, /home/robinbrown/test_ws/devel/include/blasfeo_common.h)
Linked: (/home/robinbrown/test_ws/devel/.private/blasfeo_catkin/include/blasfeo_naming.h, /home/robinbrown/test_ws/devel/include/blasfeo_naming.h)
Linked: (/home/robinbrown/test_ws/devel/.private/blasfeo_catkin/include/blasfeo_i_aux_ext_dep.h, /home/robinbrown/test_ws/devel/include/blasfeo_i_aux_ext_dep.h)
Linked: (/home/robinbrown/test_ws/devel/.private/blasfeo_catkin/include/blasfeo_s_aux_old.h, /home/robinbrown/test_ws/devel/include/blasfeo_s_aux_old.h)
Linked: (/home/robinbrown/test_ws/devel/.private/blasfeo_catkin/include/blasfeo_s_aux.h, /home/robinbrown/test_ws/devel/include/blasfeo_s_aux.h)
Linked: (/home/robinbrown/test_ws/devel/.private/blasfeo_catkin/include/s_blas_64.h, /home/robinbrown/test_ws/devel/include/s_blas_64.h)
Linked: (/home/robinbrown/test_ws/devel/.private/blasfeo_catkin/include/blasfeo_timing.h, /home/robinbrown/test_ws/devel/include/blasfeo_timing.h)
Linked: (/home/robinbrown/test_ws/devel/.private/blasfeo_catkin/include/blasfeo_block_size.h, /home/robinbrown/test_ws/devel/include/blasfeo_block_size.h)
Linked: (/home/robinbrown/test_ws/devel/.private/blasfeo_catkin/include/d_blas_64.h, /home/robinbrown/test_ws/devel/include/d_blas_64.h)
Linked: (/home/robinbrown/test_ws/devel/.private/blasfeo_catkin/include/blasfeo_s_kernel.h, /home/robinbrown/test_ws/devel/include/blasfeo_s_kernel.h)
Linked: (/home/robinbrown/test_ws/devel/.private/blasfeo_catkin/include/blasfeo_d_aux.h, /home/robinbrown/test_ws/devel/include/blasfeo_d_aux.h)
Linked: (/home/robinbrown/test_ws/devel/.private/blasfeo_catkin/include/d_blas.h, /home/robinbrown/test_ws/devel/include/d_blas.h)
Linked: (/home/robinbrown/test_ws/devel/.private/blasfeo_catkin/include/blasfeo_d_blasfeo_api_ref.h, /home/robinbrown/test_ws/devel/include/blasfeo_d_blasfeo_api_ref.h)
Linked: (/home/robinbrown/test_ws/devel/.private/blasfeo_catkin/include/blasfeo.h, /home/robinbrown/test_ws/devel/include/blasfeo.h)
Linked: (/home/robinbrown/test_ws/devel/.private/blasfeo_catkin/include/blasfeo_s_blas_api.h, /home/robinbrown/test_ws/devel/include/blasfeo_s_blas_api.h)
Linked: (/home/robinbrown/test_ws/devel/.private/blasfeo_catkin/include/blasfeo_d_kernel.h, /home/robinbrown/test_ws/devel/include/blasfeo_d_kernel.h)
Linked: (/home/robinbrown/test_ws/devel/.private/blasfeo_catkin/include/blasfeo_s_blasfeo_ref_api.h, /home/robinbrown/test_ws/devel/include/blasfeo_s_blasfeo_ref_api.h)
Linked: (/home/robinbrown/test_ws/devel/.private/blasfeo_catkin/include/blasfeo_processor_features.h, /home/robinbrown/test_ws/devel/include/blasfeo_processor_features.h)
Linked: (/home/robinbrown/test_ws/devel/.private/blasfeo_catkin/include/blasfeo_stdlib.h, /home/robinbrown/test_ws/devel/include/blasfeo_stdlib.h)
Linked: (/home/robinbrown/test_ws/devel/.private/blasfeo_catkin/include/blasfeo_d_blas.h, /home/robinbrown/test_ws/devel/include/blasfeo_d_blas.h)
Linked: (/home/robinbrown/test_ws/devel/.private/blasfeo_catkin/include/blasfeo_d_blasfeo_ref_api.h, /home/robinbrown/test_ws/devel/include/blasfeo_d_blasfeo_ref_api.h)
Linked: (/home/robinbrown/test_ws/devel/.private/blasfeo_catkin/include/blasfeo_target.h, /home/robinbrown/test_ws/devel/include/blasfeo_target.h)
Linked: (/home/robinbrown/test_ws/devel/.private/blasfeo_catkin/include/blasfeo_v_aux_ext_dep.h, /home/robinbrown/test_ws/devel/include/blasfeo_v_aux_ext_dep.h)
Linked: (/home/robinbrown/test_ws/devel/.private/blasfeo_catkin/include/blasfeo_d_blas_api.h, /home/robinbrown/test_ws/devel/include/blasfeo_d_blas_api.h)
Linked: (/home/robinbrown/test_ws/devel/.private/blasfeo_catkin/include/blasfeo_m_aux.h, /home/robinbrown/test_ws/devel/include/blasfeo_m_aux.h)
Linked: (/home/robinbrown/test_ws/devel/.private/blasfeo_catkin/include/blasfeo_s_blas.h, /home/robinbrown/test_ws/devel/include/blasfeo_s_blas.h)
Linked: (/home/robinbrown/test_ws/devel/.private/blasfeo_catkin/include/blasfeo_d_aux_ref.h, /home/robinbrown/test_ws/devel/include/blasfeo_d_aux_ref.h)
Linked: (/home/robinbrown/test_ws/devel/.private/blasfeo_catkin/include/blasfeo_s_aux_ref.h, /home/robinbrown/test_ws/devel/include/blasfeo_s_aux_ref.h)
Linked: (/home/robinbrown/test_ws/devel/.private/blasfeo_catkin/include/blasfeo_d_aux_old.h, /home/robinbrown/test_ws/devel/include/blasfeo_d_aux_old.h)
Linked: (/home/robinbrown/test_ws/devel/.private/blasfeo_catkin/include/blasfeo_d_blasfeo_api.h, /home/robinbrown/test_ws/devel/include/blasfeo_d_blasfeo_api.h)
Linked: (/home/robinbrown/test_ws/devel/.private/blasfeo_catkin/include/blasfeo_d_aux_test.h, /home/robinbrown/test_ws/devel/include/blasfeo_d_aux_test.h)
Linked: (/home/robinbrown/test_ws/devel/.private/blasfeo_catkin/lib/libblasfeo.so, /home/robinbrown/test_ws/devel/lib/libblasfeo.so)
Linked: (/home/robinbrown/test_ws/devel/.private/blasfeo_catkin/lib/pkgconfig/blasfeo_catkin.pc, /home/robinbrown/test_ws/devel/lib/pkgconfig/blasfeo_catkin.pc)
