Not searching for unused variables given on the command line.
[36m--[0m Using CATKIN_DEVEL_PREFIX: /home/robinbrown/test_ws/devel/.private/blasfeo_catkin
[36m--[0m Using CMAKE_PREFIX_PATH: /home/robinbrown/test_ws/devel;/opt/ros/noetic
[36m--[0m This workspace overlays: /home/robinbrown/test_ws/devel;/opt/ros/noetic
[36m--[0m Found PythonInterp: /usr/bin/python3 (found suitable version "3.8.10", minimum required is "3")
[36m--[0m Using PYTHON_EXECUTABLE: /usr/bin/python3
[36m--[0m Using Debian Python package layout
[36m--[0m Using empy: /usr/lib/python3/dist-packages/em.py
[36m--[0m Using CATKIN_ENABLE_TESTING: ON
[36m--[0m Call enable_testing()
[36m--[0m Using CATKIN_TEST_RESULTS_DIR: /home/robinbrown/test_ws/build/blasfeo_catkin/test_results
[36m--[0m Forcing gtest/gmock from source, though one was otherwise available.
[36m--[0m Found gtest sources under '/usr/src/googletest': gtests will be built
[36m--[0m Found gmock sources under '/usr/src/googletest': gmock will be built
[36m--[0m Found PythonInterp: /usr/bin/python3 (found version "3.8.10")
[36m--[0m Using Python nosetests: /usr/bin/nosetests3
[36m--[0m catkin 0.8.10
[36m--[0m BUILD_SHARED_LIBS is on
[36m--[0m Using linear algebra: HIGH_PERFORMANCE
[36m--[0m Using matrix format: PANELMAJ
[36m--[0m Using external BLAS: 0
[36m--[0m Testing target X64_INTEL_HASWELL: assembly compilation [success]
[36m--[0m Testing target X64_INTEL_HASWELL: assembly run [success]
[36m--[0m Testing target X64_INTEL_HASWELL: intrinsic compilation [success]
[36m--[0m Testing target X64_INTEL_HASWELL: intrinsic run [success]
[36m--[0m Detected target X64_INTEL_HASWELL
[36m--[0m FOUND HEADER: /home/robinbrown/test_ws/build/blasfeo_catkin/download/include/blasfeo.h
[36m--[0m FOUND HEADER: /home/robinbrown/test_ws/build/blasfeo_catkin/download/include/blasfeo_block_size.h
[36m--[0m FOUND HEADER: /home/robinbrown/test_ws/build/blasfeo_catkin/download/include/blasfeo_common.h
[36m--[0m FOUND HEADER: /home/robinbrown/test_ws/build/blasfeo_catkin/download/include/blasfeo_d_aux.h
[36m--[0m FOUND HEADER: /home/robinbrown/test_ws/build/blasfeo_catkin/download/include/blasfeo_d_aux_ext_dep.h
[36m--[0m FOUND HEADER: /home/robinbrown/test_ws/build/blasfeo_catkin/download/include/blasfeo_d_aux_ext_dep_ref.h
[36m--[0m FOUND HEADER: /home/robinbrown/test_ws/build/blasfeo_catkin/download/include/blasfeo_d_aux_old.h
[36m--[0m FOUND HEADER: /home/robinbrown/test_ws/build/blasfeo_catkin/download/include/blasfeo_d_aux_ref.h
[36m--[0m FOUND HEADER: /home/robinbrown/test_ws/build/blasfeo_catkin/download/include/blasfeo_d_aux_test.h
[36m--[0m FOUND HEADER: /home/robinbrown/test_ws/build/blasfeo_catkin/download/include/blasfeo_d_blas.h
[36m--[0m FOUND HEADER: /home/robinbrown/test_ws/build/blasfeo_catkin/download/include/blasfeo_d_blas_api.h
[36m--[0m FOUND HEADER: /home/robinbrown/test_ws/build/blasfeo_catkin/download/include/blasfeo_d_blasfeo_api.h
[36m--[0m FOUND HEADER: /home/robinbrown/test_ws/build/blasfeo_catkin/download/include/blasfeo_d_blasfeo_api_ref.h
[36m--[0m FOUND HEADER: /home/robinbrown/test_ws/build/blasfeo_catkin/download/include/blasfeo_d_blasfeo_ref_api.h
[36m--[0m FOUND HEADER: /home/robinbrown/test_ws/build/blasfeo_catkin/download/include/blasfeo_d_kernel.h
[36m--[0m FOUND HEADER: /home/robinbrown/test_ws/build/blasfeo_catkin/download/include/blasfeo_i_aux_ext_dep.h
[36m--[0m FOUND HEADER: /home/robinbrown/test_ws/build/blasfeo_catkin/download/include/blasfeo_m_aux.h
[36m--[0m FOUND HEADER: /home/robinbrown/test_ws/build/blasfeo_catkin/download/include/blasfeo_memory.h
[36m--[0m FOUND HEADER: /home/robinbrown/test_ws/build/blasfeo_catkin/download/include/blasfeo_naming.h
[36m--[0m FOUND HEADER: /home/robinbrown/test_ws/build/blasfeo_catkin/download/include/blasfeo_processor_features.h
[36m--[0m FOUND HEADER: /home/robinbrown/test_ws/build/blasfeo_catkin/download/include/blasfeo_s_aux.h
[36m--[0m FOUND HEADER: /home/robinbrown/test_ws/build/blasfeo_catkin/download/include/blasfeo_s_aux_ext_dep.h
[36m--[0m FOUND HEADER: /home/robinbrown/test_ws/build/blasfeo_catkin/download/include/blasfeo_s_aux_ext_dep_ref.h
[36m--[0m FOUND HEADER: /home/robinbrown/test_ws/build/blasfeo_catkin/download/include/blasfeo_s_aux_old.h
[36m--[0m FOUND HEADER: /home/robinbrown/test_ws/build/blasfeo_catkin/download/include/blasfeo_s_aux_ref.h
[36m--[0m FOUND HEADER: /home/robinbrown/test_ws/build/blasfeo_catkin/download/include/blasfeo_s_aux_test.h
[36m--[0m FOUND HEADER: /home/robinbrown/test_ws/build/blasfeo_catkin/download/include/blasfeo_s_blas.h
[36m--[0m FOUND HEADER: /home/robinbrown/test_ws/build/blasfeo_catkin/download/include/blasfeo_s_blas_api.h
[36m--[0m FOUND HEADER: /home/robinbrown/test_ws/build/blasfeo_catkin/download/include/blasfeo_s_blasfeo_api.h
[36m--[0m FOUND HEADER: /home/robinbrown/test_ws/build/blasfeo_catkin/download/include/blasfeo_s_blasfeo_api_ref.h
[36m--[0m FOUND HEADER: /home/robinbrown/test_ws/build/blasfeo_catkin/download/include/blasfeo_s_blasfeo_ref_api.h
[36m--[0m FOUND HEADER: /home/robinbrown/test_ws/build/blasfeo_catkin/download/include/blasfeo_s_kernel.h
[36m--[0m FOUND HEADER: /home/robinbrown/test_ws/build/blasfeo_catkin/download/include/blasfeo_stdlib.h
[36m--[0m FOUND HEADER: /home/robinbrown/test_ws/build/blasfeo_catkin/download/include/blasfeo_target.h
[36m--[0m FOUND HEADER: /home/robinbrown/test_ws/build/blasfeo_catkin/download/include/blasfeo_timing.h
[36m--[0m FOUND HEADER: /home/robinbrown/test_ws/build/blasfeo_catkin/download/include/blasfeo_v_aux_ext_dep.h
[36m--[0m FOUND HEADER: /home/robinbrown/test_ws/build/blasfeo_catkin/download/include/d_blas.h
[36m--[0m FOUND HEADER: /home/robinbrown/test_ws/build/blasfeo_catkin/download/include/d_blas_64.h
[36m--[0m FOUND HEADER: /home/robinbrown/test_ws/build/blasfeo_catkin/download/include/s_blas.h
[36m--[0m FOUND HEADER: /home/robinbrown/test_ws/build/blasfeo_catkin/download/include/s_blas_64.h
[36m--[0m Configuring done
[36m--[0m Generating done
[36m--[0m Build files have been written to: /home/robinbrown/test_ws/build/blasfeo_catkin
