[35m[1mScanning dependencies of target visualization_msgs_generate_messages_py[0m
[35m[1mScanning dependencies of target ocs2_msgs_generate_messages_nodejs[0m
[35m[1mScanning dependencies of target visualization_msgs_generate_messages_nodejs[0m
[35m[1mScanning dependencies of target rosgraph_msgs_generate_messages_nodejs[0m
[35m[1mScanning dependencies of target roscpp_generate_messages_py[0m
[35m[1mScanning dependencies of target actionlib_generate_messages_cpp[0m
[35m[1mScanning dependencies of target std_msgs_generate_messages_py[0m
[35m[1mScanning dependencies of target actionlib_msgs_generate_messages_py[0m
[35m[1mScanning dependencies of target roscpp_generate_messages_cpp[0m
[35m[1mScanning dependencies of target sensor_msgs_generate_messages_py[0m
[35m[1mScanning dependencies of target tf2_msgs_generate_messages_eus[0m
[35m[1mScanning dependencies of target roscpp_generate_messages_eus[0m
[35m[1mScanning dependencies of target std_msgs_generate_messages_cpp[0m
[35m[1mScanning dependencies of target std_msgs_generate_messages_nodejs[0m
[35m[1mScanning dependencies of target geometry_msgs_generate_messages_eus[0m
[35m[1mScanning dependencies of target geometry_msgs_generate_messages_py[0m
[35m[1mScanning dependencies of target roscpp_generate_messages_nodejs[0m
[35m[1mScanning dependencies of target tf2_msgs_generate_messages_cpp[0m
[  0%] Built target roscpp_generate_messages_py
[  0%] Built target ocs2_msgs_generate_messages_nodejs
[  0%] Built target std_msgs_generate_messages_nodejs
[  0%] Built target actionlib_generate_messages_cpp
[  0%] Built target visualization_msgs_generate_messages_nodejs
[  0%] Built target rosgraph_msgs_generate_messages_nodejs
[  0%] Built target visualization_msgs_generate_messages_py
[35m[1mScanning dependencies of target geometry_msgs_generate_messages_lisp[0m
[  0%] Built target std_msgs_generate_messages_cpp
[  0%] Built target geometry_msgs_generate_messages_eus
[  0%] Built target tf2_msgs_generate_messages_cpp
[  0%] Built target actionlib_msgs_generate_messages_py
[  0%] Built target roscpp_generate_messages_cpp
[  0%] Built target sensor_msgs_generate_messages_py
[  0%] Built target roscpp_generate_messages_eus
[35m[1mScanning dependencies of target tf_generate_messages_cpp[0m
[  0%] Built target tf2_msgs_generate_messages_eus
[35m[1mScanning dependencies of target actionlib_generate_messages_lisp[0m
[35m[1mScanning dependencies of target _catkin_empty_exported_target[0m
[35m[1mScanning dependencies of target actionlib_msgs_generate_messages_eus[0m
[35m[1mScanning dependencies of target roscpp_generate_messages_lisp[0m
[  0%] Built target geometry_msgs_generate_messages_py
[35m[1mScanning dependencies of target tf_generate_messages_nodejs[0m
[  0%] Built target geometry_msgs_generate_messages_lisp
[  0%] Built target roscpp_generate_messages_nodejs
[35m[1mScanning dependencies of target tf_generate_messages_eus[0m
[35m[1mScanning dependencies of target rosgraph_msgs_generate_messages_py[0m
[35m[1mScanning dependencies of target geometry_msgs_generate_messages_nodejs[0m
[35m[1mScanning dependencies of target geometry_msgs_generate_messages_cpp[0m
[35m[1mScanning dependencies of target tf2_msgs_generate_messages_py[0m
[35m[1mScanning dependencies of target visualization_msgs_generate_messages_lisp[0m
[  0%] Built target tf_generate_messages_cpp
[35m[1mScanning dependencies of target tf_generate_messages_lisp[0m
[35m[1mScanning dependencies of target rosgraph_msgs_generate_messages_eus[0m
[35m[1mScanning dependencies of target rosgraph_msgs_generate_messages_lisp[0m
[35m[1mScanning dependencies of target std_msgs_generate_messages_lisp[0m
[  0%] Built target roscpp_generate_messages_lisp
[  0%] Built target actionlib_msgs_generate_messages_eus
[  0%] Built target tf_generate_messages_nodejs
[  0%] Built target std_msgs_generate_messages_py
[  0%] Built target actionlib_generate_messages_lisp
[  0%] Built target rosgraph_msgs_generate_messages_py
[35m[1mScanning dependencies of target sensor_msgs_generate_messages_cpp[0m
[  0%] Built target tf_generate_messages_eus
[35m[1mScanning dependencies of target sensor_msgs_generate_messages_nodejs[0m
[35m[1mScanning dependencies of target visualization_msgs_generate_messages_eus[0m
[  0%] Built target geometry_msgs_generate_messages_nodejs
[  0%] Built target _catkin_empty_exported_target
[35m[1mScanning dependencies of target ocs2_msgs_generate_messages_py[0m
[  0%] Built target visualization_msgs_generate_messages_lisp
[  0%] Built target tf_generate_messages_lisp
[  0%] Built target rosgraph_msgs_generate_messages_lisp
[35m[1mScanning dependencies of target rosgraph_msgs_generate_messages_cpp[0m
[  0%] Built target tf2_msgs_generate_messages_py
[  0%] Built target std_msgs_generate_messages_lisp
[35m[1mScanning dependencies of target actionlib_generate_messages_eus[0m
[35m[1mScanning dependencies of target sensor_msgs_generate_messages_lisp[0m
[  0%] Built target rosgraph_msgs_generate_messages_eus
[35m[1mScanning dependencies of target actionlib_msgs_generate_messages_cpp[0m
[35m[1mScanning dependencies of target sensor_msgs_generate_messages_eus[0m
[  0%] Built target geometry_msgs_generate_messages_cpp
[35m[1mScanning dependencies of target actionlib_generate_messages_nodejs[0m
[35m[1mScanning dependencies of target visualization_msgs_generate_messages_cpp[0m
[  0%] Built target sensor_msgs_generate_messages_nodejs
[35m[1mScanning dependencies of target std_msgs_generate_messages_eus[0m
[35m[1mScanning dependencies of target actionlib_msgs_generate_messages_nodejs[0m
[  0%] Built target ocs2_msgs_generate_messages_py
[  0%] Built target sensor_msgs_generate_messages_cpp
[35m[1mScanning dependencies of target actionlib_msgs_generate_messages_lisp[0m
[35m[1mScanning dependencies of target tf_generate_messages_py[0m
[35m[1mScanning dependencies of target tf2_msgs_generate_messages_lisp[0m
[  0%] Built target visualization_msgs_generate_messages_eus
[35m[1mScanning dependencies of target ocs2_msgs_generate_messages_lisp[0m
[35m[1mScanning dependencies of target tf2_msgs_generate_messages_nodejs[0m
[  0%] Built target rosgraph_msgs_generate_messages_cpp
[35m[1mScanning dependencies of target actionlib_generate_messages_py[0m
[  0%] Built target actionlib_generate_messages_eus
[  0%] Built target sensor_msgs_generate_messages_lisp
[  0%] Built target actionlib_generate_messages_nodejs
[35m[1mScanning dependencies of target ocs2_msgs_generate_messages_cpp[0m
[  0%] Built target actionlib_msgs_generate_messages_cpp
[35m[1mScanning dependencies of target ocs2_msgs_generate_messages_eus[0m
[  0%] Built target std_msgs_generate_messages_eus
[  0%] Built target sensor_msgs_generate_messages_eus
[  0%] Built target visualization_msgs_generate_messages_cpp
[  0%] Built target actionlib_msgs_generate_messages_lisp
[  0%] Built target tf2_msgs_generate_messages_lisp
[  0%] Built target actionlib_msgs_generate_messages_nodejs
[  0%] Built target tf2_msgs_generate_messages_nodejs
[  0%] Built target tf_generate_messages_py
[  0%] Built target ocs2_msgs_generate_messages_cpp
[  0%] Built target ocs2_msgs_generate_messages_eus
[  0%] Built target actionlib_generate_messages_py
[  0%] Built target ocs2_msgs_generate_messages_lisp
[35m[1mScanning dependencies of target ocs2_legged_robot_ros[0m
[ 12%] [32mBuilding CXX object CMakeFiles/ocs2_legged_robot_ros.dir/src/gait/GaitKeyboardPublisher.cpp.o[0m
[ 12%] [32mBuilding CXX object CMakeFiles/ocs2_legged_robot_ros.dir/src/gait/GaitReceiver.cpp.o[0m
[ 18%] [32mBuilding CXX object CMakeFiles/ocs2_legged_robot_ros.dir/src/visualization/LeggedRobotVisualizer.cpp.o[0m
[ 25%] [32m[1mLinking CXX shared library /home/robinbrown/test_ws/devel/.private/ocs2_legged_robot_ros/lib/libocs2_legged_robot_ros.so[0m
[ 25%] Built target ocs2_legged_robot_ros
[35m[1mScanning dependencies of target legged_robot_sqp_mpc[0m
[35m[1mScanning dependencies of target legged_robot_dummy[0m
[35m[1mScanning dependencies of target legged_robot_ddp_mpc[0m
[35m[1mScanning dependencies of target legged_robot_ipm_mpc[0m
[35m[1mScanning dependencies of target legged_robot_target[0m
[35m[1mScanning dependencies of target legged_robot_gait_command[0m
[ 31%] [32mBuilding CXX object CMakeFiles/legged_robot_target.dir/src/LeggedRobotPoseCommandNode.cpp.o[0m
[ 37%] [32mBuilding CXX object CMakeFiles/legged_robot_gait_command.dir/src/LeggedRobotGaitCommandNode.cpp.o[0m
[ 43%] [32mBuilding CXX object CMakeFiles/legged_robot_sqp_mpc.dir/src/LeggedRobotSqpMpcNode.cpp.o[0m
[ 50%] [32mBuilding CXX object CMakeFiles/legged_robot_ddp_mpc.dir/src/LeggedRobotDdpMpcNode.cpp.o[0m
[ 56%] [32mBuilding CXX object CMakeFiles/legged_robot_dummy.dir/src/LeggedRobotDummyNode.cpp.o[0m
[ 62%] [32mBuilding CXX object CMakeFiles/legged_robot_ipm_mpc.dir/src/LeggedRobotIpmMpcNode.cpp.o[0m
[ 68%] [32m[1mLinking CXX executable /home/robinbrown/test_ws/devel/.private/ocs2_legged_robot_ros/lib/ocs2_legged_robot_ros/legged_robot_gait_command[0m
[ 68%] Built target legged_robot_gait_command
[ 75%] [32m[1mLinking CXX executable /home/robinbrown/test_ws/devel/.private/ocs2_legged_robot_ros/lib/ocs2_legged_robot_ros/legged_robot_target[0m
[ 75%] Built target legged_robot_target
[ 81%] [32m[1mLinking CXX executable /home/robinbrown/test_ws/devel/.private/ocs2_legged_robot_ros/lib/ocs2_legged_robot_ros/legged_robot_sqp_mpc[0m
[ 87%] [32m[1mLinking CXX executable /home/robinbrown/test_ws/devel/.private/ocs2_legged_robot_ros/lib/ocs2_legged_robot_ros/legged_robot_ipm_mpc[0m
[ 93%] [32m[1mLinking CXX executable /home/robinbrown/test_ws/devel/.private/ocs2_legged_robot_ros/lib/ocs2_legged_robot_ros/legged_robot_ddp_mpc[0m
[ 93%] Built target legged_robot_sqp_mpc
[ 93%] Built target legged_robot_ipm_mpc
[ 93%] Built target legged_robot_ddp_mpc
[100%] [32m[1mLinking CXX executable /home/robinbrown/test_ws/devel/.private/ocs2_legged_robot_ros/lib/ocs2_legged_robot_ros/legged_robot_dummy[0m
[100%] Built target legged_robot_dummy
